<?xml version="1.0" encoding="UTF-8"?>
<!-- Generated by org.testng.reporters.JUnitReportReporter -->
<testsuite hostname="DESKTOP-1L0L2LI" failures="0" tests="10" name="runner.WebApp" time="461.642" errors="0" timestamp="2022-01-19T11:48:01 IST" skipped="0">
  <testcase classname="runner.WebApp" name="test1" time="50.195"/>
  <system-out/>
  <testcase classname="runner.WebApp" name="test2" time="75.557"/>
  <system-out/>
  <testcase classname="runner.WebApp" name="test3" time="15.413"/>
  <system-out/>
  <testcase classname="runner.WebApp" name="test4" time="24.363"/>
  <system-out/>
  <testcase classname="runner.WebApp" name="test5" time="56.535"/>
  <system-out/>
  <testcase classname="runner.WebApp" name="test6" time="32.169"/>
  <system-out/>
  <testcase classname="runner.WebApp" name="test7" time="43.449"/>
  <system-out/>
  <testcase classname="runner.WebApp" name="test8" time="76.566"/>
  <system-out/>
  <testcase classname="runner.WebApp" name="test9" time="55.381"/>
  <system-out/>
  <testcase classname="runner.WebApp" name="test10" time="32.014"/>
  <system-out/>
</testsuite> <!-- runner.WebApp -->
